Base path: /Applications/Unity/Unity.app/Contents
Pipe name: \\.\pipe\UnityShaderCompiler-64bit-1-1929372416
Cmd: getPlatforms
Cmd: compileSnippet
  api=0 type=0 insize=9591 outsize=6366 kw=UNITY_COLORSPACE_GAMMA ok=1
Cmd: compileSnippet
  api=0 type=1 insize=9591 outsize=6 kw=UNITY_COLORSPACE_GAMMA ok=1
Cmd: compileSnippet
  api=0 type=0 insize=751 outsize=1880 kw=SHADOWS_DEPTH ok=1
Cmd: compileSnippet
  api=0 type=1 insize=751 outsize=6 kw=SHADOWS_DEPTH ok=1
Cmd: compileSnippet
  api=0 type=0 insize=982 outsize=9749 kw=DIRECTIONAL SHADOWS_OFF LIGHTMAP_OFF DIRLIGHTMAP_OFF DYNAMICLIGHTMAP_OFF ok=1
Cmd: compileSnippet
  api=0 type=1 insize=982 outsize=6 kw=DIRECTIONAL SHADOWS_OFF LIGHTMAP_OFF DIRLIGHTMAP_OFF DYNAMICLIGHTMAP_OFF ok=1
Cmd: compileSnippet
  api=0 type=0 insize=938 outsize=5621 kw=DIRECTIONAL SHADOWS_OFF ok=1
Cmd: compileSnippet
  api=0 type=1 insize=938 outsize=6 kw=DIRECTIONAL SHADOWS_OFF ok=1
Cmd: compileSnippet
  api=0 type=0 insize=982 outsize=10216 kw=DIRECTIONAL SHADOWS_SCREEN LIGHTMAP_OFF DIRLIGHTMAP_OFF DYNAMICLIGHTMAP_OFF ok=1
Cmd: compileSnippet
  api=0 type=1 insize=982 outsize=6 kw=DIRECTIONAL SHADOWS_SCREEN LIGHTMAP_OFF DIRLIGHTMAP_OFF DYNAMICLIGHTMAP_OFF ok=1
Cmd: preprocess
  insize=993 outsize=1276 ok=1
Cmd: compileSnippet
  api=0 type=0 insize=7427 outsize=8410 kw=DIRECTIONAL SHADOWS_OFF LIGHTMAP_OFF DIRLIGHTMAP_OFF DYNAMICLIGHTMAP_OFF ok=1
Cmd: compileSnippet
  api=0 type=1 insize=7427 outsize=6 kw=DIRECTIONAL SHADOWS_OFF LIGHTMAP_OFF DIRLIGHTMAP_OFF DYNAMICLIGHTMAP_OFF ok=1
Cmd: compileSnippet
  api=0 type=0 insize=4236 outsize=3798 kw=POINT SHADOWS_OFF ok=1
Cmd: compileSnippet
  api=0 type=1 insize=4236 outsize=6 kw=POINT SHADOWS_OFF ok=1
Cmd: compileSnippet
  api=0 type=0 insize=6545 outsize=7343 kw=LIGHTMAP_OFF DIRLIGHTMAP_OFF DYNAMICLIGHTMAP_OFF HDR_LIGHT_PREPASS_OFF ok=1
Cmd: compileSnippet
  api=0 type=1 insize=6545 outsize=6 kw=LIGHTMAP_OFF DIRLIGHTMAP_OFF DYNAMICLIGHTMAP_OFF HDR_LIGHT_PREPASS_OFF ok=1
Cmd: compileSnippet
  api=0 type=0 insize=3489 outsize=2368 kw= ok=1
Cmd: compileSnippet
  api=0 type=1 insize=3489 outsize=6 kw= ok=1
Cmd: preprocess
  insize=993 outsize=1276 ok=1
Cmd: preprocess
  insize=993 outsize=1276 ok=1
Cmd: preprocess
  insize=993 outsize=1276 ok=1
Cmd: preprocess
  insize=993 outsize=1276 ok=1
Cmd: preprocess
  insize=993 outsize=1276 ok=1
Cmd: preprocess
  insize=993 outsize=1276 ok=1
Cmd: preprocess
  insize=993 outsize=1276 ok=1
Cmd: preprocess
  insize=993 outsize=1276 ok=1
Cmd: preprocess
  insize=993 outsize=1276 ok=1
Cmd: preprocess
  insize=1851 outsize=799 ok=1
Cmd: compileSnippet
  api=0 type=0 insize=819 outsize=243 kw= ok=1
Cmd: compileSnippet
  api=0 type=1 insize=819 outsize=6 kw= ok=1
Cmd: compileSnippet
  api=0 type=0 insize=834 outsize=334 kw= ok=1
Cmd: compileSnippet
  api=0 type=1 insize=834 outsize=6 kw= ok=1
Cmd: preprocess
  insize=1846 outsize=794 ok=1
Cmd: compileSnippet
  api=0 type=0 insize=541 outsize=1880 kw=SHADOWS_DEPTH ok=1
Cmd: compileSnippet
  api=0 type=1 insize=541 outsize=6 kw=SHADOWS_DEPTH ok=1
Cmd: preprocess
  insize=1377 outsize=1959 ok=1
Cmd: compileSnippet
  api=0 type=0 insize=782 outsize=243 kw= ok=1
Cmd: compileSnippet
  api=0 type=1 insize=782 outsize=6 kw= ok=1
Cmd: compileSnippet
  api=0 type=0 insize=6833 outsize=2270 kw=DIRECTIONAL SHADOWS_OFF LIGHTMAP_OFF DIRLIGHTMAP_OFF DYNAMICLIGHTMAP_OFF ok=1
Cmd: compileSnippet
  api=0 type=1 insize=6833 outsize=6 kw=DIRECTIONAL SHADOWS_OFF LIGHTMAP_OFF DIRLIGHTMAP_OFF DYNAMICLIGHTMAP_OFF ok=1
Cmd: compileSnippet
  api=0 type=0 insize=3643 outsize=1662 kw=POINT ok=1
Cmd: compileSnippet
  api=0 type=1 insize=3643 outsize=6 kw=POINT ok=1
Cmd: compileSnippet
  api=0 type=0 insize=2809 outsize=965 kw= ok=1
Cmd: compileSnippet
  api=0 type=1 insize=2809 outsize=6 kw= ok=1
Cmd: compileSnippet
  api=0 type=0 insize=5888 outsize=2575 kw=LIGHTMAP_OFF DIRLIGHTMAP_OFF DYNAMICLIGHTMAP_OFF HDR_LIGHT_PREPASS_OFF ok=1
Cmd: compileSnippet
  api=0 type=1 insize=5888 outsize=6 kw=LIGHTMAP_OFF DIRLIGHTMAP_OFF DYNAMICLIGHTMAP_OFF HDR_LIGHT_PREPASS_OFF ok=1
Cmd: compileSnippet
  api=0 type=0 insize=5966 outsize=2628 kw=LIGHTMAP_OFF DIRLIGHTMAP_OFF DYNAMICLIGHTMAP_OFF HDR_LIGHT_PREPASS_OFF ok=1
Cmd: compileSnippet
  api=0 type=1 insize=5966 outsize=6 kw=LIGHTMAP_OFF DIRLIGHTMAP_OFF DYNAMICLIGHTMAP_OFF HDR_LIGHT_PREPASS_OFF ok=1
Cmd: compileSnippet
  api=0 type=0 insize=2906 outsize=2186 kw= ok=1
Cmd: compileSnippet
  api=0 type=1 insize=2906 outsize=6 kw= ok=1
Cmd: compileSnippet
  api=0 type=0 insize=3643 outsize=1331 kw=DIRECTIONAL ok=1
Cmd: compileSnippet
  api=0 type=1 insize=3643 outsize=6 kw=DIRECTIONAL ok=1
Cmd: compileSnippet
  api=0 type=0 insize=6833 outsize=2737 kw=DIRECTIONAL SHADOWS_SCREEN LIGHTMAP_OFF DIRLIGHTMAP_OFF DYNAMICLIGHTMAP_OFF ok=1
Cmd: compileSnippet
  api=0 type=1 insize=6833 outsize=6 kw=DIRECTIONAL SHADOWS_SCREEN LIGHTMAP_OFF DIRLIGHTMAP_OFF DYNAMICLIGHTMAP_OFF ok=1
Cmd: preprocess
  insize=1126 outsize=3218 ok=1
Cmd: compileSnippet
  api=0 type=0 insize=6745 outsize=2139 kw=DIRECTIONAL SHADOWS_OFF LIGHTMAP_OFF DIRLIGHTMAP_OFF DYNAMICLIGHTMAP_OFF ok=1
Cmd: compileSnippet
  api=0 type=1 insize=6745 outsize=6 kw=DIRECTIONAL SHADOWS_OFF LIGHTMAP_OFF DIRLIGHTMAP_OFF DYNAMICLIGHTMAP_OFF ok=1
Cmd: compileSnippet
  api=0 type=0 insize=3580 outsize=1520 kw=POINT ok=1
Cmd: compileSnippet
  api=0 type=1 insize=3580 outsize=6 kw=POINT ok=1
Cmd: compileSnippet
  api=0 type=0 insize=2820 outsize=965 kw= ok=1
Cmd: compileSnippet
  api=0 type=1 insize=2820 outsize=6 kw= ok=1
Cmd: compileSnippet
  api=0 type=0 insize=5824 outsize=2433 kw=LIGHTMAP_OFF DIRLIGHTMAP_OFF DYNAMICLIGHTMAP_OFF HDR_LIGHT_PREPASS_OFF ok=1
Cmd: compileSnippet
  api=0 type=1 insize=5824 outsize=6 kw=LIGHTMAP_OFF DIRLIGHTMAP_OFF DYNAMICLIGHTMAP_OFF HDR_LIGHT_PREPASS_OFF ok=1
Cmd: compileSnippet
  api=0 type=0 insize=5903 outsize=2429 kw=LIGHTMAP_OFF DIRLIGHTMAP_OFF DYNAMICLIGHTMAP_OFF HDR_LIGHT_PREPASS_OFF ok=1
Cmd: compileSnippet
  api=0 type=1 insize=5903 outsize=6 kw=LIGHTMAP_OFF DIRLIGHTMAP_OFF DYNAMICLIGHTMAP_OFF HDR_LIGHT_PREPASS_OFF ok=1
Cmd: compileSnippet
  api=0 type=0 insize=2843 outsize=1967 kw= ok=1
Cmd: compileSnippet
  api=0 type=1 insize=2843 outsize=6 kw= ok=1
Cmd: compileSnippet
  api=0 type=0 insize=6857 outsize=2270 kw=DIRECTIONAL SHADOWS_OFF LIGHTMAP_OFF DIRLIGHTMAP_OFF DYNAMICLIGHTMAP_OFF ok=1
Cmd: compileSnippet
  api=0 type=1 insize=6857 outsize=6 kw=DIRECTIONAL SHADOWS_OFF LIGHTMAP_OFF DIRLIGHTMAP_OFF DYNAMICLIGHTMAP_OFF ok=1
Cmd: compileSnippet
  api=0 type=0 insize=3667 outsize=1662 kw=POINT ok=1
Cmd: compileSnippet
  api=0 type=1 insize=3667 outsize=6 kw=POINT ok=1
Cmd: compileSnippet
  api=0 type=0 insize=2833 outsize=965 kw= ok=1
Cmd: compileSnippet
  api=0 type=1 insize=2833 outsize=6 kw= ok=1
Cmd: compileSnippet
  api=0 type=0 insize=5912 outsize=2575 kw=LIGHTMAP_OFF DIRLIGHTMAP_OFF DYNAMICLIGHTMAP_OFF HDR_LIGHT_PREPASS_OFF ok=1
Cmd: compileSnippet
  api=0 type=1 insize=5912 outsize=6 kw=LIGHTMAP_OFF DIRLIGHTMAP_OFF DYNAMICLIGHTMAP_OFF HDR_LIGHT_PREPASS_OFF ok=1
Cmd: compileSnippet
  api=0 type=0 insize=5990 outsize=2628 kw=LIGHTMAP_OFF DIRLIGHTMAP_OFF DYNAMICLIGHTMAP_OFF HDR_LIGHT_PREPASS_OFF ok=1
Cmd: compileSnippet
  api=0 type=1 insize=5990 outsize=6 kw=LIGHTMAP_OFF DIRLIGHTMAP_OFF DYNAMICLIGHTMAP_OFF HDR_LIGHT_PREPASS_OFF ok=1
Cmd: compileSnippet
  api=0 type=0 insize=2930 outsize=2186 kw= ok=1
Cmd: compileSnippet
  api=0 type=1 insize=2930 outsize=6 kw= ok=1
Cmd: compileSnippet
  api=0 type=0 insize=3580 outsize=1189 kw=DIRECTIONAL ok=1
Cmd: compileSnippet
  api=0 type=1 insize=3580 outsize=6 kw=DIRECTIONAL ok=1
Cmd: compileSnippet
  api=0 type=0 insize=3667 outsize=1331 kw=DIRECTIONAL ok=1
Cmd: compileSnippet
  api=0 type=1 insize=3667 outsize=6 kw=DIRECTIONAL ok=1
Cmd: compileSnippet
  api=0 type=0 insize=6745 outsize=2606 kw=DIRECTIONAL SHADOWS_SCREEN LIGHTMAP_OFF DIRLIGHTMAP_OFF DYNAMICLIGHTMAP_OFF ok=1
Cmd: compileSnippet
  api=0 type=1 insize=6745 outsize=6 kw=DIRECTIONAL SHADOWS_SCREEN LIGHTMAP_OFF DIRLIGHTMAP_OFF DYNAMICLIGHTMAP_OFF ok=1
Cmd: compileSnippet
  api=0 type=0 insize=6857 outsize=2737 kw=DIRECTIONAL SHADOWS_SCREEN LIGHTMAP_OFF DIRLIGHTMAP_OFF DYNAMICLIGHTMAP_OFF ok=1
Cmd: compileSnippet
  api=0 type=1 insize=6857 outsize=6 kw=DIRECTIONAL SHADOWS_SCREEN LIGHTMAP_OFF DIRLIGHTMAP_OFF DYNAMICLIGHTMAP_OFF ok=1
Cmd: preprocess
  insize=833 outsize=1900 ok=1
Cmd: compileSnippet
  api=0 type=0 insize=6727 outsize=2139 kw=DIRECTIONAL SHADOWS_OFF LIGHTMAP_OFF DIRLIGHTMAP_OFF DYNAMICLIGHTMAP_OFF ok=1
Cmd: compileSnippet
  api=0 type=1 insize=6727 outsize=6 kw=DIRECTIONAL SHADOWS_OFF LIGHTMAP_OFF DIRLIGHTMAP_OFF DYNAMICLIGHTMAP_OFF ok=1
Cmd: compileSnippet
  api=0 type=0 insize=3562 outsize=1520 kw=POINT ok=1
Cmd: compileSnippet
  api=0 type=1 insize=3562 outsize=6 kw=POINT ok=1
Cmd: compileSnippet
  api=0 type=0 insize=2802 outsize=965 kw= ok=1
Cmd: compileSnippet
  api=0 type=1 insize=2802 outsize=6 kw= ok=1
Cmd: compileSnippet
  api=0 type=0 insize=5806 outsize=2433 kw=LIGHTMAP_OFF DIRLIGHTMAP_OFF DYNAMICLIGHTMAP_OFF HDR_LIGHT_PREPASS_OFF ok=1
Cmd: compileSnippet
  api=0 type=1 insize=5806 outsize=6 kw=LIGHTMAP_OFF DIRLIGHTMAP_OFF DYNAMICLIGHTMAP_OFF HDR_LIGHT_PREPASS_OFF ok=1
Cmd: compileSnippet
  api=0 type=0 insize=5885 outsize=2429 kw=LIGHTMAP_OFF DIRLIGHTMAP_OFF DYNAMICLIGHTMAP_OFF HDR_LIGHT_PREPASS_OFF ok=1
Cmd: compileSnippet
  api=0 type=1 insize=5885 outsize=6 kw=LIGHTMAP_OFF DIRLIGHTMAP_OFF DYNAMICLIGHTMAP_OFF HDR_LIGHT_PREPASS_OFF ok=1
Cmd: compileSnippet
  api=0 type=0 insize=2825 outsize=1967 kw= ok=1
Cmd: compileSnippet
  api=0 type=1 insize=2825 outsize=6 kw= ok=1
Cmd: compileSnippet
  api=0 type=0 insize=3562 outsize=1189 kw=DIRECTIONAL ok=1
Cmd: compileSnippet
  api=0 type=1 insize=3562 outsize=6 kw=DIRECTIONAL ok=1
Cmd: compileSnippet
  api=0 type=0 insize=6727 outsize=2606 kw=DIRECTIONAL SHADOWS_SCREEN LIGHTMAP_OFF DIRLIGHTMAP_OFF DYNAMICLIGHTMAP_OFF ok=1
Cmd: compileSnippet
  api=0 type=1 insize=6727 outsize=6 kw=DIRECTIONAL SHADOWS_SCREEN LIGHTMAP_OFF DIRLIGHTMAP_OFF DYNAMICLIGHTMAP_OFF ok=1
Cmd: preprocess
  insize=1377 outsize=1960 ok=1
Cmd: compileSnippet
  api=0 type=0 insize=6833 outsize=2270 kw=DIRECTIONAL SHADOWS_OFF LIGHTMAP_OFF DIRLIGHTMAP_OFF DYNAMICLIGHTMAP_OFF ok=1
Cmd: compileSnippet
  api=0 type=1 insize=6833 outsize=6 kw=DIRECTIONAL SHADOWS_OFF LIGHTMAP_OFF DIRLIGHTMAP_OFF DYNAMICLIGHTMAP_OFF ok=1
Cmd: compileSnippet
  api=0 type=0 insize=3643 outsize=1662 kw=POINT ok=1
Cmd: compileSnippet
  api=0 type=1 insize=3643 outsize=6 kw=POINT ok=1
Cmd: compileSnippet
  api=0 type=0 insize=2809 outsize=965 kw= ok=1
Cmd: compileSnippet
  api=0 type=1 insize=2809 outsize=6 kw= ok=1
Cmd: compileSnippet
  api=0 type=0 insize=5888 outsize=2575 kw=LIGHTMAP_OFF DIRLIGHTMAP_OFF DYNAMICLIGHTMAP_OFF HDR_LIGHT_PREPASS_OFF ok=1
Cmd: compileSnippet
  api=0 type=1 insize=5888 outsize=6 kw=LIGHTMAP_OFF DIRLIGHTMAP_OFF DYNAMICLIGHTMAP_OFF HDR_LIGHT_PREPASS_OFF ok=1
Cmd: compileSnippet
  api=0 type=0 insize=5966 outsize=2628 kw=LIGHTMAP_OFF DIRLIGHTMAP_OFF DYNAMICLIGHTMAP_OFF HDR_LIGHT_PREPASS_OFF ok=1
Cmd: compileSnippet
  api=0 type=1 insize=5966 outsize=6 kw=LIGHTMAP_OFF DIRLIGHTMAP_OFF DYNAMICLIGHTMAP_OFF HDR_LIGHT_PREPASS_OFF ok=1
Cmd: compileSnippet
  api=0 type=0 insize=2906 outsize=2186 kw= ok=1
Cmd: compileSnippet
  api=0 type=1 insize=2906 outsize=6 kw= ok=1
Cmd: compileSnippet
  api=0 type=0 insize=6833 outsize=2737 kw=DIRECTIONAL SHADOWS_SCREEN LIGHTMAP_OFF DIRLIGHTMAP_OFF DYNAMICLIGHTMAP_OFF ok=1
Cmd: compileSnippet
  api=0 type=1 insize=6833 outsize=6 kw=DIRECTIONAL SHADOWS_SCREEN LIGHTMAP_OFF DIRLIGHTMAP_OFF DYNAMICLIGHTMAP_OFF ok=1
Cmd: preprocess
  insize=1377 outsize=1959 ok=1
Cmd: preprocess
  insize=1377 outsize=1960 ok=1
Cmd: compileSnippet
  api=0 type=0 insize=6833 outsize=2270 kw=DIRECTIONAL SHADOWS_OFF LIGHTMAP_OFF DIRLIGHTMAP_OFF DYNAMICLIGHTMAP_OFF ok=1
Cmd: compileSnippet
  api=0 type=1 insize=6833 outsize=6 kw=DIRECTIONAL SHADOWS_OFF LIGHTMAP_OFF DIRLIGHTMAP_OFF DYNAMICLIGHTMAP_OFF ok=1
Cmd: compileSnippet
  api=0 type=0 insize=3643 outsize=1662 kw=POINT ok=1
Cmd: compileSnippet
  api=0 type=1 insize=3643 outsize=6 kw=POINT ok=1
Cmd: compileSnippet
  api=0 type=0 insize=2809 outsize=965 kw= ok=1
Cmd: compileSnippet
  api=0 type=1 insize=2809 outsize=6 kw= ok=1
Cmd: compileSnippet
  api=0 type=0 insize=5888 outsize=2575 kw=LIGHTMAP_OFF DIRLIGHTMAP_OFF DYNAMICLIGHTMAP_OFF HDR_LIGHT_PREPASS_OFF ok=1
Cmd: compileSnippet
  api=0 type=1 insize=5888 outsize=6 kw=LIGHTMAP_OFF DIRLIGHTMAP_OFF DYNAMICLIGHTMAP_OFF HDR_LIGHT_PREPASS_OFF ok=1
Cmd: compileSnippet
  api=0 type=0 insize=5966 outsize=2628 kw=LIGHTMAP_OFF DIRLIGHTMAP_OFF DYNAMICLIGHTMAP_OFF HDR_LIGHT_PREPASS_OFF ok=1
Cmd: compileSnippet
  api=0 type=1 insize=5966 outsize=6 kw=LIGHTMAP_OFF DIRLIGHTMAP_OFF DYNAMICLIGHTMAP_OFF HDR_LIGHT_PREPASS_OFF ok=1
Cmd: compileSnippet
  api=0 type=0 insize=2906 outsize=2186 kw= ok=1
Cmd: compileSnippet
  api=0 type=1 insize=2906 outsize=6 kw= ok=1
Cmd: compileSnippet
  api=0 type=0 insize=6833 outsize=2737 kw=DIRECTIONAL SHADOWS_SCREEN LIGHTMAP_OFF DIRLIGHTMAP_OFF DYNAMICLIGHTMAP_OFF ok=1
Cmd: compileSnippet
  api=0 type=1 insize=6833 outsize=6 kw=DIRECTIONAL SHADOWS_SCREEN LIGHTMAP_OFF DIRLIGHTMAP_OFF DYNAMICLIGHTMAP_OFF ok=1
Cmd: preprocess
  insize=1376 outsize=1959 ok=1
